#
# There is insufficient memory for the Java Runtime Environment to continue.
# Native memory allocation (malloc) failed to allocate 2421776 bytes for Chunk::new
# Possible reasons:
#   The system is out of physical RAM or swap space
#   The process is running with CompressedOops enabled, and the Java Heap may be blocking the growth of the native heap
# Possible solutions:
#   Reduce memory load on the system
#   Increase physical memory or swap space
#   Check if swap backing store is full
#   Decrease Java heap size (-Xmx/-Xms)
#   Decrease number of Java threads
#   Decrease Java thread stack sizes (-Xss)
#   Set larger code cache with -XX:ReservedCodeCacheSize=
#   JVM is running with Unscaled Compressed Oops mode in which the Java heap is
#     placed in the first 4GB address space. The Java Heap base address is the
#     maximum limit for the native heap growth. Please use -XX:HeapBaseMinAddress
#     to set the Java Heap base and to place the Java Heap above 4GB virtual address.
# This output file may be truncated or incomplete.
#
#  Out of Memory Error (allocation.cpp:389), pid=6716, tid=0x00000000000012d0
#
# JRE version: Java(TM) SE Runtime Environment (8.0_271-b09) (build 1.8.0_271-b09)
# Java VM: Java HotSpot(TM) 64-Bit Server VM (25.271-b09 mixed mode windows-amd64 compressed oops)
# Failed to write core dump. Minidumps are not enabled by default on client versions of Windows
#

---------------  T H R E A D  ---------------

Current thread (0x00000191afd9a800):  JavaThread "C2 CompilerThread0" daemon [_thread_in_native, id=4816, stack(0x00000084e3d00000,0x00000084e3e00000)]

Stack: [0x00000084e3d00000,0x00000084e3e00000]
Native frames: (J=compiled Java code, j=interpreted, Vv=VM code, C=native code)
V  [jvm.dll+0x33f6c9]
V  [jvm.dll+0x286122]
V  [jvm.dll+0x286dcd]
V  [jvm.dll+0x27d805]
V  [jvm.dll+0xe574c]
V  [jvm.dll+0xe5f4c]
V  [jvm.dll+0x480043]
V  [jvm.dll+0x447c30]
V  [jvm.dll+0x450c25]
V  [jvm.dll+0x44ffe5]
V  [jvm.dll+0x43aef7]
V  [jvm.dll+0xbc3eb]
V  [jvm.dll+0xbaa4b]
V  [jvm.dll+0x24e7c2]
V  [jvm.dll+0x2a2dcc]
C  [ucrtbase.dll+0x210b2]
C  [KERNEL32.DLL+0x17c24]
C  [ntdll.dll+0x6d4d1]


Current CompileTask:
C2:  19797 5190   !   4       java.net.URLClassLoader$1::run (63 bytes)


---------------  P R O C E S S  ---------------

Java Threads: ( => current thread )
  0x00000191b42c8800 JavaThread "HikariPool-1 connection adder" daemon [_thread_blocked, id=8596, stack(0x00000084e4a00000,0x00000084e4b00000)]
  0x00000191b42ca000 JavaThread "HikariPool-1 housekeeper" daemon [_thread_blocked, id=8600, stack(0x00000084e4900000,0x00000084e4a00000)]
  0x00000191b42c4000 JavaThread "task-1" [_thread_in_vm, id=4736, stack(0x00000084e4700000,0x00000084e4800000)]
  0x00000191afe7c800 JavaThread "mysql-cj-abandoned-connection-cleanup" daemon [_thread_blocked, id=3320, stack(0x00000084e4600000,0x00000084e4700000)]
  0x00000191afe7c000 JavaThread "container-0" [_thread_blocked, id=10464, stack(0x00000084e4500000,0x00000084e4600000)]
  0x00000191afe7a800 JavaThread "Catalina-utility-2" [_thread_blocked, id=11568, stack(0x00000084e4400000,0x00000084e4500000)]
  0x00000191afe7d800 JavaThread "Catalina-utility-1" [_thread_blocked, id=11364, stack(0x00000084e4300000,0x00000084e4400000)]
  0x00000191afe2f800 JavaThread "Service Thread" daemon [_thread_blocked, id=12276, stack(0x00000084e4000000,0x00000084e4100000)]
  0x00000191afe06000 JavaThread "C1 CompilerThread2" daemon [_thread_blocked, id=3992, stack(0x00000084e3f00000,0x00000084e4000000)]
  0x00000191afdfb000 JavaThread "C2 CompilerThread1" daemon [_thread_in_native, id=10640, stack(0x00000084e3e00000,0x00000084e3f00000)]
=>0x00000191afd9a800 JavaThread "C2 CompilerThread0" daemon [_thread_in_native, id=4816, stack(0x00000084e3d00000,0x00000084e3e00000)]
  0x00000191afd99800 JavaThread "Attach Listener" daemon [_thread_blocked, id=2468, stack(0x00000084e3c00000,0x00000084e3d00000)]
  0x00000191afd98800 JavaThread "Signal Dispatcher" daemon [_thread_blocked, id=1228, stack(0x00000084e3b00000,0x00000084e3c00000)]
  0x00000191afd79000 JavaThread "Finalizer" daemon [_thread_blocked, id=8572, stack(0x00000084e3a00000,0x00000084e3b00000)]
  0x00000191afd4f000 JavaThread "Reference Handler" daemon [_thread_blocked, id=7856, stack(0x00000084e3900000,0x00000084e3a00000)]
  0x0000019199cff800 JavaThread "main" [_thread_blocked, id=116, stack(0x00000084e3300000,0x00000084e3400000)]

Other Threads:
  0x00000191afd45000 VMThread [stack: 0x00000084e3800000,0x00000084e3900000] [id=12264]
  0x00000191afe34800 WatcherThread [stack: 0x00000084e4100000,0x00000084e4200000] [id=4448]

VM state:not at safepoint (normal execution)

VM Mutex/Monitor currently owned by a thread: None

heap address: 0x0000000082200000, size: 2014 MB, Compressed Oops mode: 32-bit
Narrow klass base: 0x0000000000000000, Narrow klass shift: 3
Compressed class space size: 1073741824 Address: 0x0000000100000000

Heap:
 PSYoungGen      total 222208K, used 63167K [0x00000000d6100000, 0x00000000e9300000, 0x0000000100000000)
  eden space 206848K, 30% used [0x00000000d6100000,0x00000000d9eaff38,0x00000000e2b00000)
  from space 15360K, 0% used [0x00000000e2b00000,0x00000000e2b00000,0x00000000e3a00000)
  to   space 19456K, 0% used [0x00000000e8000000,0x00000000e8000000,0x00000000e9300000)
 ParOldGen       total 137216K, used 34402K [0x0000000082200000, 0x000000008a800000, 0x00000000d6100000)
  object space 137216K, 25% used [0x0000000082200000,0x0000000084398810,0x000000008a800000)
 Metaspace       used 60525K, capacity 63590K, committed 63892K, reserved 1105920K
  class space    used 8208K, capacity 8785K, committed 8852K, reserved 1048576K

Card table byte_map: [0x00000191aaa20000,0x00000191aae10000] byte_map_base: 0x00000191aa60f000

Marking Bits: (ParMarkBitMap*) 0x0000000072557fe0
 Begin Bits: [0x00000191ab0b0000, 0x00000191ad028000)
 End Bits:   [0x00000191ad028000, 0x00000191aefa0000)

Polling page: 0x0000019199dc0000

CodeCache: size=245760Kb used=16059Kb max_used=16059Kb free=229700Kb
 bounds [0x000001919b660000, 0x000001919c630000, 0x00000191aa660000]
 total_blobs=5116 nmethods=4556 adapters=472
 compilation: enabled

Compilation events (10 events):
Event: 19.719 Thread 0x00000191afe06000 5241       1       net.bytebuddy.description.field.FieldDescription$Latent::getDeclaringType (5 bytes)
Event: 19.719 Thread 0x00000191afe06000 nmethod 5241 0x000001919c6168d0 code [0x000001919c616a20, 0x000001919c616b38]
Event: 19.723 Thread 0x00000191afe06000 5242       3       net.bytebuddy.matcher.ElementMatcher$Junction$Conjunction::matches (32 bytes)
Event: 19.723 Thread 0x00000191afe06000 nmethod 5242 0x000001919c616290 code [0x000001919c616420, 0x000001919c6167c0]
Event: 19.751 Thread 0x00000191afe06000 5243       3       net.bytebuddy.description.method.ParameterDescription$ForLoadedParameter$OfMethod::getType (54 bytes)
Event: 19.752 Thread 0x00000191afe06000 nmethod 5243 0x000001919c615310 code [0x000001919c6154e0, 0x000001919c615e30]
Event: 19.752 Thread 0x00000191afe06000 5245       3       net.bytebuddy.description.method.ParameterDescription$AbstractBase::<init> (5 bytes)
Event: 19.752 Thread 0x00000191afe06000 nmethod 5245 0x000001919c614e90 code [0x000001919c615000, 0x000001919c615218]
Event: 19.752 Thread 0x00000191afe06000 5244       3       net.bytebuddy.description.type.TypeDescription$Generic$LazyProjection$OfMethodParameter::<init> (20 bytes)
Event: 19.753 Thread 0x00000191afe06000 nmethod 5244 0x000001919c6146d0 code [0x000001919c614860, 0x000001919c614c38]

GC Heap History (10 events):
Event: 13.872 GC heap before
{Heap before GC invocations=10 (full 1):
 PSYoungGen      total 168960K, used 49080K [0x00000000d6100000, 0x00000000e3800000, 0x0000000100000000)
  eden space 159232K, 24% used [0x00000000d6100000,0x00000000d876f298,0x00000000dfc80000)
  from space 9728K, 99% used [0x00000000e0a80000,0x00000000e13fedd8,0x00000000e1400000)
  to   space 14336K, 0% used [0x00000000dfc80000,0x00000000dfc80000,0x00000000e0a80000)
 ParOldGen       total 57344K, used 15581K [0x0000000082200000, 0x0000000085a00000, 0x00000000d6100000)
  object space 57344K, 27% used [0x0000000082200000,0x00000000831376e0,0x0000000085a00000)
 Metaspace       used 33432K, capacity 35336K, committed 35416K, reserved 1079296K
  class space    used 4275K, capacity 4630K, committed 4696K, reserved 1048576K
Event: 13.888 GC heap after
Heap after GC invocations=10 (full 1):
 PSYoungGen      total 173568K, used 9471K [0x00000000d6100000, 0x00000000e4800000, 0x0000000100000000)
  eden space 159232K, 0% used [0x00000000d6100000,0x00000000d6100000,0x00000000dfc80000)
  from space 14336K, 66% used [0x00000000dfc80000,0x00000000e05bffe8,0x00000000e0a80000)
  to   space 14336K, 0% used [0x00000000e3a00000,0x00000000e3a00000,0x00000000e4800000)
 ParOldGen       total 57344K, used 16681K [0x0000000082200000, 0x0000000085a00000, 0x00000000d6100000)
  object space 57344K, 29% used [0x0000000082200000,0x000000008324a700,0x0000000085a00000)
 Metaspace       used 33432K, capacity 35336K, committed 35416K, reserved 1079296K
  class space    used 4275K, capacity 4630K, committed 4696K, reserved 1048576K
}
Event: 13.888 GC heap before
{Heap before GC invocations=11 (full 2):
 PSYoungGen      total 173568K, used 9471K [0x00000000d6100000, 0x00000000e4800000, 0x0000000100000000)
  eden space 159232K, 0% used [0x00000000d6100000,0x00000000d6100000,0x00000000dfc80000)
  from space 14336K, 66% used [0x00000000dfc80000,0x00000000e05bffe8,0x00000000e0a80000)
  to   space 14336K, 0% used [0x00000000e3a00000,0x00000000e3a00000,0x00000000e4800000)
 ParOldGen       total 57344K, used 16681K [0x0000000082200000, 0x0000000085a00000, 0x00000000d6100000)
  object space 57344K, 29% used [0x0000000082200000,0x000000008324a700,0x0000000085a00000)
 Metaspace       used 33432K, capacity 35336K, committed 35416K, reserved 1079296K
  class space    used 4275K, capacity 4630K, committed 4696K, reserved 1048576K
Event: 13.976 GC heap after
Heap after GC invocations=11 (full 2):
 PSYoungGen      total 173568K, used 0K [0x00000000d6100000, 0x00000000e4800000, 0x0000000100000000)
  eden space 159232K, 0% used [0x00000000d6100000,0x00000000d6100000,0x00000000dfc80000)
  from space 14336K, 0% used [0x00000000dfc80000,0x00000000dfc80000,0x00000000e0a80000)
  to   space 14336K, 0% used [0x00000000e3a00000,0x00000000e3a00000,0x00000000e4800000)
 ParOldGen       total 89088K, used 15304K [0x0000000082200000, 0x0000000087900000, 0x00000000d6100000)
  object space 89088K, 17% used [0x0000000082200000,0x00000000830f23c8,0x0000000087900000)
 Metaspace       used 33432K, capacity 35336K, committed 35416K, reserved 1079296K
  class space    used 4275K, capacity 4630K, committed 4696K, reserved 1048576K
}
Event: 16.558 GC heap before
{Heap before GC invocations=12 (full 2):
 PSYoungGen      total 173568K, used 159232K [0x00000000d6100000, 0x00000000e4800000, 0x0000000100000000)
  eden space 159232K, 100% used [0x00000000d6100000,0x00000000dfc80000,0x00000000dfc80000)
  from space 14336K, 0% used [0x00000000dfc80000,0x00000000dfc80000,0x00000000e0a80000)
  to   space 14336K, 0% used [0x00000000e3a00000,0x00000000e3a00000,0x00000000e4800000)
 ParOldGen       total 89088K, used 15304K [0x0000000082200000, 0x0000000087900000, 0x00000000d6100000)
  object space 89088K, 17% used [0x0000000082200000,0x00000000830f23c8,0x0000000087900000)
 Metaspace       used 43484K, capacity 45872K, committed 46168K, reserved 1089536K
  class space    used 5770K, capacity 6184K, committed 6232K, reserved 1048576K
Event: 16.583 GC heap after
Heap after GC invocations=12 (full 2):
 PSYoungGen      total 221184K, used 11304K [0x00000000d6100000, 0x00000000e4a00000, 0x0000000100000000)
  eden space 206848K, 0% used [0x00000000d6100000,0x00000000d6100000,0x00000000e2b00000)
  from space 14336K, 78% used [0x00000000e3a00000,0x00000000e450a238,0x00000000e4800000)
  to   space 15360K, 0% used [0x00000000e2b00000,0x00000000e2b00000,0x00000000e3a00000)
 ParOldGen       total 89088K, used 15312K [0x0000000082200000, 0x0000000087900000, 0x00000000d6100000)
  object space 89088K, 17% used [0x0000000082200000,0x00000000830f43c8,0x0000000087900000)
 Metaspace       used 43484K, capacity 45872K, committed 46168K, reserved 1089536K
  class space    used 5770K, capacity 6184K, committed 6232K, reserved 1048576K
}
Event: 18.555 GC heap before
{Heap before GC invocations=13 (full 2):
 PSYoungGen      total 221184K, used 163670K [0x00000000d6100000, 0x00000000e4a00000, 0x0000000100000000)
  eden space 206848K, 73% used [0x00000000d6100000,0x00000000df5cb958,0x00000000e2b00000)
  from space 14336K, 78% used [0x00000000e3a00000,0x00000000e450a238,0x00000000e4800000)
  to   space 15360K, 0% used [0x00000000e2b00000,0x00000000e2b00000,0x00000000e3a00000)
 ParOldGen       total 89088K, used 15312K [0x0000000082200000, 0x0000000087900000, 0x00000000d6100000)
  object space 89088K, 17% used [0x0000000082200000,0x00000000830f43c8,0x0000000087900000)
 Metaspace       used 56050K, capacity 58952K, committed 59028K, reserved 1099776K
  class space    used 7470K, capacity 8030K, committed 8084K, reserved 1048576K
Event: 18.589 GC heap after
Heap after GC invocations=13 (full 2):
 PSYoungGen      total 222208K, used 15330K [0x00000000d6100000, 0x00000000e9300000, 0x0000000100000000)
  eden space 206848K, 0% used [0x00000000d6100000,0x00000000d6100000,0x00000000e2b00000)
  from space 15360K, 99% used [0x00000000e2b00000,0x00000000e39f8b78,0x00000000e3a00000)
  to   space 19456K, 0% used [0x00000000e8000000,0x00000000e8000000,0x00000000e9300000)
 ParOldGen       total 89088K, used 21152K [0x0000000082200000, 0x0000000087900000, 0x00000000d6100000)
  object space 89088K, 23% used [0x0000000082200000,0x00000000836a80c0,0x0000000087900000)
 Metaspace       used 56050K, capacity 58952K, committed 59028K, reserved 1099776K
  class space    used 7470K, capacity 8030K, committed 8084K, reserved 1048576K
}
Event: 18.589 GC heap before
{Heap before GC invocations=14 (full 3):
 PSYoungGen      total 222208K, used 15330K [0x00000000d6100000, 0x00000000e9300000, 0x0000000100000000)
  eden space 206848K, 0% used [0x00000000d6100000,0x00000000d6100000,0x00000000e2b00000)
  from space 15360K, 99% used [0x00000000e2b00000,0x00000000e39f8b78,0x00000000e3a00000)
  to   space 19456K, 0% used [0x00000000e8000000,0x00000000e8000000,0x00000000e9300000)
 ParOldGen       total 89088K, used 21152K [0x0000000082200000, 0x0000000087900000, 0x00000000d6100000)
  object space 89088K, 23% used [0x0000000082200000,0x00000000836a80c0,0x0000000087900000)
 Metaspace       used 56050K, capacity 58952K, committed 59028K, reserved 1099776K
  class space    used 7470K, capacity 8030K, committed 8084K, reserved 1048576K
Event: 18.846 GC heap after
Heap after GC invocations=14 (full 3):
 PSYoungGen      total 222208K, used 0K [0x00000000d6100000, 0x00000000e9300000, 0x0000000100000000)
  eden space 206848K, 0% used [0x00000000d6100000,0x00000000d6100000,0x00000000e2b00000)
  from space 15360K, 0% used [0x00000000e2b00000,0x00000000e2b00000,0x00000000e3a00000)
  to   space 19456K, 0% used [0x00000000e8000000,0x00000000e8000000,0x00000000e9300000)
 ParOldGen       total 137216K, used 34402K [0x0000000082200000, 0x000000008a800000, 0x00000000d6100000)
  object space 137216K, 25% used [0x0000000082200000,0x0000000084398810,0x000000008a800000)
 Metaspace       used 56050K, capacity 58952K, committed 59028K, reserved 1099776K
  class space    used 7470K, capacity 8030K, committed 8084K, reserved 1048576K
}

Deoptimization events (10 events):
Event: 17.746 Thread 0x00000191b42c4000 Uncommon trap: reason=bimorphic action=maybe_recompile pc=0x000001919ba8212c method=java.util.HashMap.putVal(ILjava/lang/Object;Ljava/lang/Object;ZZ)Ljava/lang/Object; @ 203
Event: 17.767 Thread 0x00000191b42c8800 Uncommon trap: reason=predicate action=maybe_recompile pc=0x000001919b852dd0 method=java.util.regex.Pattern$SliceI.match(Ljava/util/regex/Matcher;ILjava/lang/CharSequence;)Z @ 21
Event: 17.773 Thread 0x00000191b42c8800 Uncommon trap: reason=unstable_if action=reinterpret pc=0x000001919c0be028 method=java.nio.Buffer.<init>(IIII)V @ 66
Event: 18.156 Thread 0x0000019199cff800 Uncommon trap: reason=unstable_if action=reinterpret pc=0x000001919be62990 method=java.lang.Class.arrayContentsEq([Ljava/lang/Object;[Ljava/lang/Object;)Z @ 1
Event: 18.331 Thread 0x0000019199cff800 Uncommon trap: reason=unstable_if action=reinterpret pc=0x000001919bc4febc method=java.util.concurrent.ConcurrentHashMap.addCount(JI)V @ 97
Event: 18.400 Thread 0x0000019199cff800 Uncommon trap: reason=unstable_if action=reinterpret pc=0x000001919bf071e8 method=java.util.EnumSet.typeCheck(Ljava/lang/Enum;)V @ 10
Event: 18.400 Thread 0x0000019199cff800 Uncommon trap: reason=unstable_if action=reinterpret pc=0x000001919bf06e98 method=java.util.EnumSet.typeCheck(Ljava/lang/Enum;)V @ 10
Event: 18.479 Thread 0x00000191b42c4000 Uncommon trap: reason=null_check action=make_not_entrant pc=0x000001919bf94454 method=java.lang.Class.createAnnotationData(I)Ljava/lang/Class$AnnotationData; @ 14
Event: 19.097 Thread 0x00000191b42c4000 Uncommon trap: reason=bimorphic action=maybe_recompile pc=0x000001919bfc35e8 method=java.lang.Throwable.<init>(Ljava/lang/String;Ljava/lang/Throwable;)V @ 24
Event: 19.612 Thread 0x00000191b42c4000 Uncommon trap: reason=unstable_if action=reinterpret pc=0x000001919b7ad6d4 method=java.util.HashMap$HashIterator.<init>(Ljava/util/HashMap;)V @ 45

Classes redefined (0 events):
No events

Internal exceptions (10 events):
Event: 14.461 Thread 0x0000019199cff800 Exception <a 'java/lang/NoSuchMethodError': java.lang.Object.lambda$failures$0(Lio/micrometer/core/instrument/config/validate/Validated;)Lio/micrometer/core/instrument/config/validate/Validated$Invalid;> (0x00000000da434578) thrown at [C:\jenkins\workspac
Event: 14.729 Thread 0x0000019199cff800 Exception <a 'java/lang/NoSuchMethodError': java.lang.Object.lambda$static$0(Lorg/springframework/boot/actuate/endpoint/invoke/OperationParameter;Ljava/lang/Object;)Ljava/lang/Object;> (0x00000000da8af208) thrown at [C:\jenkins\workspace\8-2-build-windows
Event: 14.958 Thread 0x0000019199cff800 Exception <a 'java/io/FileNotFoundException'> (0x00000000dadcee98) thrown at [C:\jenkins\workspace\8-2-build-windows-amd64-cygwin\jdk8u271\605\hotspot\src\share\vm\prims\jni.cpp, line 710]
Event: 15.097 Thread 0x0000019199cff800 Exception <a 'java/lang/NoSuchMethodError': java.lang.Object.lambda$static$0(Ljava/lang/Object;)Ljava/lang/Object;> (0x00000000db4b2d88) thrown at [C:\jenkins\workspace\8-2-build-windows-amd64-cygwin\jdk8u271\605\hotspot\src\share\vm\interpreter\linkResol
Event: 15.124 Thread 0x0000019199cff800 Implicit null exception at 0x000001919b953f14 to 0x000001919b9542c1
Event: 17.544 Thread 0x00000191b42c4000 Implicit null exception at 0x000001919bf91edd to 0x000001919bf92021
Event: 17.605 Thread 0x00000191b42c4000 Implicit null exception at 0x000001919c2cae20 to 0x000001919c2cb0a1
Event: 18.156 Thread 0x0000019199cff800 Implicit null exception at 0x000001919be6290f to 0x000001919be6297d
Event: 19.002 Thread 0x0000019199cff800 Exception <a 'java/lang/ClassNotFoundException': java/lang/ObjectCustomizer> (0x00000000d736a1b8) thrown at [C:\jenkins\workspace\8-2-build-windows-amd64-cygwin\jdk8u271\605\hotspot\src\share\vm\classfile\systemDictionary.cpp, line 212]
Event: 19.004 Thread 0x0000019199cff800 Exception <a 'java/lang/ClassNotFoundException': com/javabackend/javabacked/consumer/ConsumerCustomizer> (0x00000000d7641608) thrown at [C:\jenkins\workspace\8-2-build-windows-amd64-cygwin\jdk8u271\605\hotspot\src\share\vm\classfile\systemDictionary.cpp, 

Events (10 events):
Event: 19.765 loading class java/nio/file/CopyOption done
Event: 19.765 loading class java/nio/file/StandardCopyOption
Event: 19.765 loading class java/nio/file/StandardCopyOption done
Event: 19.766 loading class net/bytebuddy/dynamic/DynamicType$Default$Dispatcher$ForJava7CapableVm
Event: 19.766 loading class net/bytebuddy/dynamic/DynamicType$Default$Dispatcher$ForJava7CapableVm done
Event: 19.767 loading class java/io/FilenameFilter
Event: 19.767 loading class java/io/FilenameFilter done
Event: 19.767 loading class java/io/FileFilter
Event: 19.767 loading class java/io/FileFilter done
Event: 19.768 loading class java/nio/file/FileVisitOption


Dynamic libraries:
0x00007ff70c410000 - 0x00007ff70c457000 	C:\Program Files\Java\jre1.8.0_271\bin\javaw.exe
0x00007ff81a1e0000 - 0x00007ff81a3d0000 	C:\WINDOWS\SYSTEM32\ntdll.dll
0x00007ff8185c0000 - 0x00007ff818672000 	C:\WINDOWS\System32\KERNEL32.DLL
0x00007ff817160000 - 0x00007ff817405000 	C:\WINDOWS\System32\KERNELBASE.dll
0x00007ff819a30000 - 0x00007ff819ad3000 	C:\WINDOWS\System32\ADVAPI32.dll
0x00007ff819450000 - 0x00007ff8194ee000 	C:\WINDOWS\System32\msvcrt.dll
0x00007ff818400000 - 0x00007ff818497000 	C:\WINDOWS\System32\sechost.dll
0x00007ff819690000 - 0x00007ff8197b0000 	C:\WINDOWS\System32\RPCRT4.dll
0x00007ff8194f0000 - 0x00007ff819684000 	C:\WINDOWS\System32\USER32.dll
0x00007ff8181c0000 - 0x00007ff8181e1000 	C:\WINDOWS\System32\win32u.dll
0x00007ff818f20000 - 0x00007ff818f46000 	C:\WINDOWS\System32\GDI32.dll
0x00007ff817430000 - 0x00007ff8175c6000 	C:\WINDOWS\System32\gdi32full.dll
0x00007ff8181f0000 - 0x00007ff81828e000 	C:\WINDOWS\System32\msvcp_win.dll
0x00007ff817d60000 - 0x00007ff817e5a000 	C:\WINDOWS\System32\ucrtbase.dll
0x00007ff805c10000 - 0x00007ff805e94000 	C:\WINDOWS\WinSxS\amd64_microsoft.windows.common-controls_6595b64144ccf1df_6.0.18362.1198_none_9e820b57e45ad92f\COMCTL32.dll
0x00007ff819ae0000 - 0x00007ff819e15000 	C:\WINDOWS\System32\combase.dll
0x00007ff817eb0000 - 0x00007ff817f30000 	C:\WINDOWS\System32\bcryptPrimitives.dll
0x00007ff818290000 - 0x00007ff8182be000 	C:\WINDOWS\System32\IMM32.DLL
0x00007ff811400000 - 0x00007ff811415000 	C:\Program Files\Java\jre1.8.0_271\bin\vcruntime140.dll
0x00007ffffa6c0000 - 0x00007ffffa75b000 	C:\Program Files\Java\jre1.8.0_271\bin\msvcp140.dll
0x0000000071d60000 - 0x00000000725cf000 	C:\Program Files\Java\jre1.8.0_271\bin\server\jvm.dll
0x00007ff819970000 - 0x00007ff819978000 	C:\WINDOWS\System32\PSAPI.DLL
0x00007ff806820000 - 0x00007ff806829000 	C:\WINDOWS\SYSTEM32\WSOCK32.dll
0x00007ff818f50000 - 0x00007ff818fbf000 	C:\WINDOWS\System32\WS2_32.dll
0x00007ff814550000 - 0x00007ff814574000 	C:\WINDOWS\SYSTEM32\WINMM.dll
0x00007ff806810000 - 0x00007ff80681a000 	C:\WINDOWS\SYSTEM32\VERSION.dll
0x00007ff814520000 - 0x00007ff81454d000 	C:\WINDOWS\SYSTEM32\WINMMBASE.dll
0x00007ff817e60000 - 0x00007ff817eaa000 	C:\WINDOWS\System32\cfgmgr32.dll
0x00007ff817110000 - 0x00007ff817121000 	C:\WINDOWS\System32\kernel.appcore.dll
0x00007ff8149e0000 - 0x00007ff8149f0000 	C:\Program Files\Java\jre1.8.0_271\bin\verify.dll
0x00007ff8116d0000 - 0x00007ff8116fb000 	C:\Program Files\Java\jre1.8.0_271\bin\java.dll
0x00007ff813310000 - 0x00007ff813328000 	C:\Program Files\Java\jre1.8.0_271\bin\zip.dll
0x00007ff818680000 - 0x00007ff818d67000 	C:\WINDOWS\System32\SHELL32.dll
0x00007ff819980000 - 0x00007ff819a29000 	C:\WINDOWS\System32\shcore.dll
0x00007ff8175d0000 - 0x00007ff817d51000 	C:\WINDOWS\System32\windows.storage.dll
0x00007ff817130000 - 0x00007ff817153000 	C:\WINDOWS\System32\profapi.dll
0x00007ff8170c0000 - 0x00007ff81710a000 	C:\WINDOWS\System32\powrprof.dll
0x00007ff817090000 - 0x00007ff8170a0000 	C:\WINDOWS\System32\UMPDC.dll
0x00007ff818560000 - 0x00007ff8185b2000 	C:\WINDOWS\System32\shlwapi.dll
0x00007ff817410000 - 0x00007ff817427000 	C:\WINDOWS\System32\cryptsp.dll
0x00007ff811550000 - 0x00007ff81155d000 	C:\Program Files\Java\jre1.8.0_271\bin\management.dll
0x00007ff8116b0000 - 0x00007ff8116cc000 	C:\Program Files\Java\jre1.8.0_271\bin\net.dll
0x00007ff8168e0000 - 0x00007ff816947000 	C:\WINDOWS\system32\mswsock.dll
0x00007ff801bf0000 - 0x00007ff801c06000 	C:\WINDOWS\system32\napinsp.dll
0x00007ff801b30000 - 0x00007ff801b4a000 	C:\WINDOWS\system32\pnrpnsp.dll
0x00007ff801b10000 - 0x00007ff801b25000 	C:\WINDOWS\system32\wshbth.dll
0x00007ff813260000 - 0x00007ff81327c000 	C:\WINDOWS\system32\NLAapi.dll
0x00007ff8165f0000 - 0x00007ff81662a000 	C:\WINDOWS\SYSTEM32\IPHLPAPI.DLL
0x00007ff816630000 - 0x00007ff8166fb000 	C:\WINDOWS\SYSTEM32\DNSAPI.dll
0x00007ff819440000 - 0x00007ff819448000 	C:\WINDOWS\System32\NSI.dll
0x00007ff801b00000 - 0x00007ff801b0e000 	C:\WINDOWS\System32\winrnr.dll
0x00007ff809f90000 - 0x00007ff809f9a000 	C:\Windows\System32\rasadhlp.dll
0x00007ff809ba0000 - 0x00007ff809c17000 	C:\WINDOWS\System32\fwpuclnt.dll
0x00007ff817f90000 - 0x00007ff817fb6000 	C:\WINDOWS\System32\bcrypt.dll
0x00007ff811690000 - 0x00007ff8116a3000 	C:\Program Files\Java\jre1.8.0_271\bin\nio.dll
0x00007ff816450000 - 0x00007ff816483000 	C:\WINDOWS\system32\rsaenh.dll
0x00007ff816fb0000 - 0x00007ff816fd5000 	C:\WINDOWS\SYSTEM32\USERENV.dll
0x00007ff816ab0000 - 0x00007ff816abc000 	C:\WINDOWS\SYSTEM32\CRYPTBASE.dll
0x00007ff809b30000 - 0x00007ff809b46000 	C:\WINDOWS\SYSTEM32\dhcpcsvc6.DLL
0x00007ff809b10000 - 0x00007ff809b2c000 	C:\WINDOWS\SYSTEM32\dhcpcsvc.DLL
0x00007ff811590000 - 0x00007ff8115b4000 	C:\Program Files\Java\jre1.8.0_271\bin\sunec.dll
0x00007ff811680000 - 0x00007ff81168d000 	C:\Program Files\Java\jre1.8.0_271\bin\sunmscapi.dll
0x00007ff818070000 - 0x00007ff8181b9000 	C:\WINDOWS\System32\CRYPT32.dll
0x00007ff8170a0000 - 0x00007ff8170b2000 	C:\WINDOWS\System32\MSASN1.dll
0x00007ff816bb0000 - 0x00007ff816bd6000 	C:\WINDOWS\SYSTEM32\ncrypt.dll
0x00007ff816b70000 - 0x00007ff816bab000 	C:\WINDOWS\SYSTEM32\NTASN1.dll
0x00007ff806b30000 - 0x00007ff806d24000 	C:\WINDOWS\SYSTEM32\dbghelp.dll

VM Arguments:
jvm_args: -Dfile.encoding=UTF-8 
java_command: com.javabackend.javabacked.JavabackedApplication
java_class_path (initial): C:\Users\TanNghia\Downloads\Programs\testC\JavaFresher\target\classes;C:\Users\TanNghia\.m2\repository\io\springfox\springfox-boot-starter\3.0.0\springfox-boot-starter-3.0.0.jar;C:\Users\TanNghia\.m2\repository\io\springfox\springfox-oas\3.0.0\springfox-oas-3.0.0.jar;C:\Users\TanNghia\.m2\repository\io\swagger\core\v3\swagger-annotations\2.1.2\swagger-annotations-2.1.2.jar;C:\Users\TanNghia\.m2\repository\io\swagger\core\v3\swagger-models\2.1.2\swagger-models-2.1.2.jar;C:\Users\TanNghia\.m2\repository\io\springfox\springfox-spi\3.0.0\springfox-spi-3.0.0.jar;C:\Users\TanNghia\.m2\repository\io\springfox\springfox-schema\3.0.0\springfox-schema-3.0.0.jar;C:\Users\TanNghia\.m2\repository\io\springfox\springfox-core\3.0.0\springfox-core-3.0.0.jar;C:\Users\TanNghia\.m2\repository\io\springfox\springfox-spring-web\3.0.0\springfox-spring-web-3.0.0.jar;C:\Users\TanNghia\.m2\repository\io\github\classgraph\classgraph\4.8.83\classgraph-4.8.83.jar;C:\Users\TanNghia\.m2\repository\io\springfox\springfox-spring-webflux\3.0.0\springfox-spring-webflux-3.0.0.jar;C:\Users\TanNghia\.m2\repository\io\springfox\springfox-swagger-common\3.0.0\springfox-swagger-common-3.0.0.jar;C:\Users\TanNghia\.m2\repository\org\mapstruct\mapstruct\1.3.1.Final\mapstruct-1.3.1.Final.jar;C:\Users\TanNghia\.m2\repository\io\springfox\springfox-data-rest\3.0.0\springfox-data-rest-3.0.0.jar;C:\Users\TanNghia\.m2\repository\io\springfox\springfox-bean-validators\3.0.0\springfox-bean-validators-3.0.0.jar;C:\Users\TanNghia\.m2\repository\io\springfox\springfox-swagger2\3.0.0\springfox-swagger2-3.0.0.jar;C:\Users\TanNghia\.m2\repository\io\swagger\swagger-annotations\1.5.20\swagger-annotations-1.5.20.jar;C:\Users\TanNghia\.m2\repository\io\swagger\swagger-models\1.5.20\swagger-models-1.5.20.jar;C:\Users\TanNghia\.m2\repository\com\fasterxml\classmate\1.5.1\classmate-1.5.1.jar;C:\Users\TanNghia\.m2\repository\org\slf4j\slf4j-api\1.7.30\slf4j-api-1.7.30.jar;C:\Users\TanNghia\.m2\reposi
Launcher Type: SUN_STANDARD

Environment Variables:
JAVA_HOME=C:\Program Files\Java\jdk1.8.0_191
PATH=C:/Program Files/Java/jre1.8.0_271/bin/server;C:/Program Files/Java/jre1.8.0_271/bin;C:/Program Files/Java/jre1.8.0_271/lib/amd64;C:\Program Files\Common Files\Oracle\Java\javapath;C:\Program Files (x86)\Common Files\Oracle\Java\javapath;C:\WINDOWS\system32;C:\WINDOWS;C:\WINDOWS\System32\Wbem;C:\WINDOWS\System32\WindowsPowerShell\v1.0\;C:\WINDOWS\System32\OpenSSH\;C:\apache-maven-3.6.0\bin;C:\Program Files\Java\jdk1.8.0_191\bin;C:\Program Files\TortoiseGit\bin;C:\Program Files\Git\cmd;C:\zookeeper-3.6.2\bin;C:\Program Files\MySQL\MySQL Shell 8.0\bin\;C:\Users\TanNghia\AppData\Local\Microsoft\WindowsApps;;C:\Users\TanNghia\AppData\Local\Programs\Microsoft VS Code\bin;C:\Program Files\Heroku\bin;D:\eclipse-jee-2020\eclipse;
USERNAME=TanNghia
OS=Windows_NT
PROCESSOR_IDENTIFIER=Intel64 Family 6 Model 58 Stepping 9, GenuineIntel



---------------  S Y S T E M  ---------------

OS: Windows 10.0 , 64 bit Build 18362 (10.0.18362.1110)

CPU:total 4 (initial active 4) (2 cores per cpu, 2 threads per core) family 6 model 58 stepping 9, cmov, cx8, fxsr, mmx, sse, sse2, sse3, ssse3, sse4.1, sse4.2, popcnt, avx, aes, clmul, erms, ht, tsc, tscinvbit, tscinv

Memory: 4k page, physical 8248876k(654504k free), swap 18311720k(3620k free)

vm_info: Java HotSpot(TM) 64-Bit Server VM (25.271-b09) for windows-amd64 JRE (1.8.0_271-b09), built on Sep 16 2020 19:14:59 by "" with MS VC++ 15.9 (VS2017)

time: Mon Dec  7 14:23:19 2020
timezone: SE Asia Standard Time
elapsed time: 19.806468 seconds (0d 0h 0m 19s)

